31/12/2021 01:05:39 PM: INFO: Launching PASIA application
31/12/2021 01:05:39 PM: INFO: Trying to verify ok button visible or not on screen
31/12/2021 01:06:07 PM: INFO: Ok button visible on screen
31/12/2021 01:06:07 PM: INFO: Trying to verify login window visible or not on screen
31/12/2021 01:06:10 PM: INFO: Login page visible on screen
31/12/2021 01:06:12 PM: INFO: total records: 3
31/12/2021 01:06:47 PM: INFO: Launching PASIA application
31/12/2021 01:06:47 PM: INFO: Trying to verify ok button visible or not on screen
31/12/2021 01:06:59 PM: INFO: Ok button visible on screen
31/12/2021 01:07:00 PM: INFO: Trying to verify login window visible or not on screen
31/12/2021 01:07:01 PM: INFO: Login page visible on screen
31/12/2021 01:07:03 PM: INFO: total records: 3
31/12/2021 01:19:46 PM: INFO: Launching PASIA application
31/12/2021 01:19:47 PM: INFO: Trying to verify ok button visible or not on screen
31/12/2021 01:19:57 PM: INFO: Ok button visible on screen
31/12/2021 01:19:57 PM: INFO: Trying to verify login window visible or not on screen
31/12/2021 01:19:59 PM: INFO: Login page visible on screen
31/12/2021 01:20:01 PM: INFO: total records: 2
31/12/2021 01:20:05 PM: INFO: IMD Code : I0001288
31/12/2021 01:20:05 PM: INFO: IMD Type : Old
31/12/2021 01:20:14 PM: INFO: I0001288 : Clone userid already exits
31/12/2021 01:20:18 PM: INFO: IMD Code : I0007848
31/12/2021 01:20:19 PM: INFO: IMD Type : Old
31/12/2021 01:20:27 PM: INFO: I0007848 : Clone userid already exits
31/12/2021 02:33:46 PM: INFO: Launching PASIA application
31/12/2021 02:33:47 PM: INFO: Trying to verify ok button visible or not on screen
31/12/2021 02:34:10 PM: INFO: Ok button visible on screen
31/12/2021 02:34:10 PM: INFO: Trying to verify login window visible or not on screen
07/02/2022 07:29:28 PM: INFO: Launching PASIA application
07/02/2022 07:29:28 PM: INFO: Trying to verify ok button visible or not on screen
07/02/2022 07:30:02 PM: INFO: Ok button visible on screen
07/02/2022 07:30:02 PM: INFO: Trying to verify login window visible or not on screen
02/03/2022 12:04:48 PM: INFO: Launching PASIA application
02/03/2022 12:04:49 PM: INFO: Trying to verify ok button visible or not on screen
12/04/2022 12:42:30 PM: INFO: Launching PASIA application
12/04/2022 12:42:30 PM: INFO: Trying to verify ok button visible or not on screen
12/04/2022 12:42:37 PM: INFO: Ok button visible on screen
12/04/2022 12:45:06 PM: INFO: Launching PASIA application
12/04/2022 12:45:06 PM: INFO: Trying to verify ok button visible or not on screen
12/04/2022 12:45:17 PM: INFO: Ok button visible on screen
12/04/2022 12:45:17 PM: INFO: Trying to verify login window visible or not on screen
12/04/2022 12:45:21 PM: INFO: Login page visible on screen
12/04/2022 12:45:24 PM: INFO: total records: 2
12/04/2022 03:08:48 PM: INFO: Launching PASIA application
12/04/2022 03:08:48 PM: INFO: Trying to verify ok button visible or not on screen
12/04/2022 03:09:09 PM: INFO: Ok button visible on screen
12/04/2022 03:09:09 PM: INFO: Trying to verify login window visible or not on screen
12/04/2022 03:09:17 PM: INFO: Login page visible on screen
12/04/2022 03:09:19 PM: INFO: total records: 2
12/04/2022 03:09:22 PM: INFO: IMD Code : I0001288
12/04/2022 03:09:23 PM: INFO: I0001288 : Something went wrong
12/04/2022 03:09:50 PM: INFO: Launching PASIA application
12/04/2022 03:09:50 PM: INFO: Trying to verify ok button visible or not on screen
12/04/2022 03:09:56 PM: INFO: Ok button visible on screen
12/04/2022 03:09:57 PM: INFO: Trying to verify login window visible or not on screen
19/04/2022 11:49:25 AM: INFO: Launching PASIA application
19/04/2022 11:49:25 AM: INFO: Trying to verify ok button visible or not on screen
19/04/2022 11:49:30 AM: INFO: Ok button visible on screen
19/04/2022 11:49:31 AM: INFO: Trying to verify login window visible or not on screen
19/04/2022 11:49:42 AM: INFO: Login page visible on screen
19/04/2022 11:50:48 AM: INFO: Launching PASIA application
19/04/2022 11:50:48 AM: INFO: Trying to verify ok button visible or not on screen
19/04/2022 11:50:57 AM: INFO: Ok button visible on screen
19/04/2022 11:50:58 AM: INFO: Trying to verify login window visible or not on screen
19/04/2022 11:51:03 AM: INFO: Login page visible on screen
19/04/2022 11:55:29 AM: INFO: Launching PASIA application
19/04/2022 11:55:29 AM: INFO: Trying to verify ok button visible or not on screen
19/04/2022 11:55:35 AM: INFO: Ok button visible on screen
19/04/2022 11:55:36 AM: INFO: Trying to verify login window visible or not on screen
19/04/2022 11:55:45 AM: INFO: Login page visible on screen
19/04/2022 11:56:53 AM: INFO: Launching PASIA application
19/04/2022 11:56:54 AM: INFO: Trying to verify ok button visible or not on screen
19/04/2022 11:57:00 AM: INFO: Ok button visible on screen
19/04/2022 11:57:01 AM: INFO: Trying to verify login window visible or not on screen
19/04/2022 11:57:06 AM: INFO: Login page visible on screen
19/04/2022 12:00:48 PM: INFO: Launching PASIA application
19/04/2022 12:00:48 PM: INFO: Trying to verify ok button visible or not on screen
19/04/2022 12:00:58 PM: INFO: Ok button visible on screen
19/04/2022 12:00:58 PM: INFO: Trying to verify login window visible or not on screen
19/04/2022 12:01:04 PM: INFO: Login page visible on screen
19/04/2022 12:02:26 PM: INFO: Launching PASIA application
19/04/2022 12:02:26 PM: INFO: Trying to verify ok button visible or not on screen
19/04/2022 12:02:40 PM: INFO: Ok button visible on screen
19/04/2022 12:02:40 PM: INFO: Trying to verify login window visible or not on screen
19/04/2022 12:02:45 PM: INFO: Login page visible on screen
13/05/2022 11:26:21 AM: INFO: Launching PASIA application
13/05/2022 11:26:22 AM: INFO: Trying to verify ok button visible or not on screen
13/05/2022 11:26:27 AM: INFO: Ok button visible on screen
13/05/2022 11:26:28 AM: INFO: Trying to verify login window visible or not on screen
13/05/2022 11:26:29 AM: INFO: Login page visible on screen
13/05/2022 11:45:15 AM: INFO: Launching PASIA application
13/05/2022 11:45:16 AM: INFO: Trying to verify ok button visible or not on screen
13/05/2022 11:45:20 AM: INFO: Ok button visible on screen
13/05/2022 11:45:21 AM: INFO: Trying to verify login window visible or not on screen
13/05/2022 11:45:23 AM: INFO: Login page visible on screen
13/05/2022 11:51:42 AM: INFO: Launching PASIA application
13/05/2022 11:51:42 AM: INFO: Trying to verify ok button visible or not on screen
13/05/2022 11:51:47 AM: INFO: Ok button visible on screen
13/05/2022 11:51:47 AM: INFO: Trying to verify login window visible or not on screen
13/05/2022 11:51:49 AM: INFO: Login page visible on screen
13/05/2022 11:54:41 AM: INFO: Launching PASIA application
13/05/2022 11:54:41 AM: INFO: Trying to verify ok button visible or not on screen
13/05/2022 11:54:47 AM: INFO: Ok button visible on screen
13/05/2022 11:54:47 AM: INFO: Trying to verify login window visible or not on screen
13/05/2022 11:54:49 AM: INFO: Login page visible on screen
13/05/2022 04:39:22 PM: INFO: Launching PASIA application
13/05/2022 04:39:22 PM: INFO: Trying to verify ok button visible or not on screen
13/05/2022 04:39:37 PM: INFO: Ok button visible on screen
13/05/2022 04:39:38 PM: INFO: Trying to verify login window visible or not on screen
13/05/2022 04:39:40 PM: INFO: Login page visible on screen
13/05/2022 05:05:20 PM: INFO: Launching PASIA application
13/05/2022 05:05:20 PM: INFO: Trying to verify ok button visible or not on screen
13/05/2022 05:05:28 PM: INFO: Ok button visible on screen
13/05/2022 05:05:29 PM: INFO: Trying to verify login window visible or not on screen
13/05/2022 05:05:30 PM: INFO: Login page visible on screen
17/05/2022 09:56:27 AM: INFO: Launching PASIA application
17/05/2022 09:56:27 AM: INFO: Trying to verify ok button visible or not on screen
17/05/2022 09:56:36 AM: INFO: Ok button visible on screen
17/05/2022 09:56:37 AM: INFO: Trying to verify login window visible or not on screen
17/05/2022 09:56:38 AM: INFO: Login page visible on screen
17/05/2022 10:00:06 AM: INFO: Launching PASIA application
17/05/2022 10:00:07 AM: INFO: Trying to verify ok button visible or not on screen
17/05/2022 10:00:17 AM: INFO: Ok button visible on screen
17/05/2022 10:00:18 AM: INFO: Trying to verify login window visible or not on screen
17/05/2022 10:00:20 AM: INFO: Login page visible on screen
17/05/2022 10:01:01 AM: INFO: Launching PASIA application
17/05/2022 10:01:02 AM: INFO: Trying to verify ok button visible or not on screen
17/05/2022 10:01:07 AM: INFO: Ok button visible on screen
17/05/2022 10:01:08 AM: INFO: Trying to verify login window visible or not on screen
17/05/2022 10:01:09 AM: INFO: Login page visible on screen
17/05/2022 10:02:03 AM: INFO: Launching PASIA application
17/05/2022 10:02:03 AM: INFO: Trying to verify ok button visible or not on screen
17/05/2022 10:02:09 AM: INFO: Ok button visible on screen
17/05/2022 10:02:09 AM: INFO: Trying to verify login window visible or not on screen
17/05/2022 10:02:11 AM: INFO: Login page visible on screen
17/05/2022 10:08:15 AM: INFO: Launching PASIA application
17/05/2022 10:08:15 AM: INFO: Trying to verify ok button visible or not on screen
17/05/2022 10:08:21 AM: INFO: Ok button visible on screen
17/05/2022 10:08:22 AM: INFO: Trying to verify login window visible or not on screen
17/05/2022 10:08:23 AM: INFO: Login page visible on screen
17/05/2022 10:09:09 AM: INFO: Launching PASIA application
17/05/2022 10:09:09 AM: INFO: Trying to verify ok button visible or not on screen
17/05/2022 10:09:22 AM: INFO: Ok button visible on screen
17/05/2022 10:09:23 AM: INFO: Trying to verify login window visible or not on screen
17/05/2022 10:09:29 AM: INFO: Login page visible on screen
17/05/2022 10:12:01 AM: INFO: Launching PASIA application
17/05/2022 10:12:01 AM: INFO: Trying to verify ok button visible or not on screen
17/05/2022 10:12:07 AM: INFO: Ok button visible on screen
17/05/2022 10:12:08 AM: INFO: Trying to verify login window visible or not on screen
17/05/2022 10:12:10 AM: INFO: Login page visible on screen
17/05/2022 12:59:31 PM: INFO: Launching PASIA application
17/05/2022 12:59:31 PM: INFO: Trying to verify ok button visible or not on screen
17/05/2022 12:59:38 PM: INFO: Ok button visible on screen
17/05/2022 12:59:41 PM: INFO: Trying to verify login window visible or not on screen
17/05/2022 01:02:06 PM: INFO: Launching PASIA application
17/05/2022 01:02:06 PM: INFO: Trying to verify ok button visible or not on screen
17/05/2022 01:02:13 PM: INFO: Ok button visible on screen
17/05/2022 01:02:14 PM: INFO: Trying to verify login window visible or not on screen
17/05/2022 01:02:16 PM: INFO: Login page visible on screen
17/05/2022 03:38:44 PM: INFO: Launching PASIA application
17/05/2022 03:38:45 PM: INFO: Trying to verify ok button visible or not on screen
17/05/2022 03:38:55 PM: INFO: Ok button visible on screen
17/05/2022 03:38:57 PM: INFO: Trying to verify login window visible or not on screen
17/05/2022 03:40:13 PM: INFO: Launching PASIA application
17/05/2022 03:40:13 PM: INFO: Trying to verify ok button visible or not on screen
17/05/2022 03:40:32 PM: INFO: Ok button visible on screen
17/05/2022 03:40:34 PM: INFO: Trying to verify login window visible or not on screen
17/05/2022 03:40:36 PM: INFO: Login page visible on screen
17/05/2022 03:42:16 PM: INFO: Launching PASIA application
17/05/2022 03:42:16 PM: INFO: Trying to verify ok button visible or not on screen
17/05/2022 03:42:23 PM: INFO: Ok button visible on screen
17/05/2022 03:42:24 PM: INFO: Trying to verify login window visible or not on screen
17/05/2022 03:42:26 PM: INFO: Login page visible on screen
